[17-Oct-2017 21:24:48 UTC] PHP Parse error:  syntax error, unexpected 'device' (T_STRING) in /home/ubuntu/workspace/cst336-github/lab5/index.php on line 21
[17-Oct-2017 21:25:09 UTC] PHP Parse error:  syntax error, unexpected 'device' (T_STRING) in /home/ubuntu/workspace/cst336-github/lab5/index.php on line 21
[17-Oct-2017 21:26:44 UTC] PHP Parse error:  syntax error, unexpected '"device"' (T_CONSTANT_ENCAPSED_STRING) in /home/ubuntu/workspace/cst336-github/lab5/index.php on line 21
[17-Oct-2017 21:27:45 UTC] PHP Parse error:  syntax error, unexpected 'device' (T_STRING) in /home/ubuntu/workspace/cst336-github/lab5/index.php on line 21
[17-Oct-2017 21:31:48 UTC] PHP Fatal error:  Call to undefined method PDO::fetch() in /home/ubuntu/workspace/cst336-github/lab5/index.php on line 20
[17-Oct-2017 21:31:48 UTC] PHP Stack trace:
[17-Oct-2017 21:31:48 UTC] PHP   1. {main}() /home/ubuntu/workspace/cst336-github/lab5/index.php:0
[17-Oct-2017 21:32:37 UTC] PHP Fatal error:  Call to undefined method PDO::fetch() in /home/ubuntu/workspace/cst336-github/lab5/index.php on line 20
[17-Oct-2017 21:32:37 UTC] PHP Stack trace:
[17-Oct-2017 21:32:37 UTC] PHP   1. {main}() /home/ubuntu/workspace/cst336-github/lab5/index.php:0
[17-Oct-2017 21:32:37 UTC] PHP Fatal error:  Call to undefined method PDO::fetch() in /home/ubuntu/workspace/cst336-github/lab5/index.php on line 20
[17-Oct-2017 21:32:37 UTC] PHP Stack trace:
[17-Oct-2017 21:32:37 UTC] PHP   1. {main}() /home/ubuntu/workspace/cst336-github/lab5/index.php:0
[17-Oct-2017 21:32:38 UTC] PHP Fatal error:  Call to undefined method PDO::fetch() in /home/ubuntu/workspace/cst336-github/lab5/index.php on line 20
[17-Oct-2017 21:32:38 UTC] PHP Stack trace:
[17-Oct-2017 21:32:38 UTC] PHP   1. {main}() /home/ubuntu/workspace/cst336-github/lab5/index.php:0
[17-Oct-2017 21:32:38 UTC] PHP Fatal error:  Call to undefined method PDO::fetch() in /home/ubuntu/workspace/cst336-github/lab5/index.php on line 20
[17-Oct-2017 21:32:38 UTC] PHP Stack trace:
[17-Oct-2017 21:32:38 UTC] PHP   1. {main}() /home/ubuntu/workspace/cst336-github/lab5/index.php:0
[17-Oct-2017 21:34:00 UTC] PHP Fatal error:  Call to undefined method PDO::fetch() in /home/ubuntu/workspace/cst336-github/lab5/index.php on line 20
[17-Oct-2017 21:34:00 UTC] PHP Stack trace:
[17-Oct-2017 21:34:00 UTC] PHP   1. {main}() /home/ubuntu/workspace/cst336-github/lab5/index.php:0
[17-Oct-2017 21:34:27 UTC] PHP Fatal error:  Call to undefined method PDO::fetch() in /home/ubuntu/workspace/cst336-github/lab5/index.php on line 20
[17-Oct-2017 21:34:27 UTC] PHP Stack trace:
[17-Oct-2017 21:34:27 UTC] PHP   1. {main}() /home/ubuntu/workspace/cst336-github/lab5/index.php:0
[17-Oct-2017 21:34:32 UTC] PHP Fatal error:  Call to undefined method PDO::fetch() in /home/ubuntu/workspace/cst336-github/lab5/index.php on line 20
[17-Oct-2017 21:34:32 UTC] PHP Stack trace:
[17-Oct-2017 21:34:32 UTC] PHP   1. {main}() /home/ubuntu/workspace/cst336-github/lab5/index.php:0
[17-Oct-2017 21:34:34 UTC] PHP Fatal error:  Call to undefined method PDO::fetch() in /home/ubuntu/workspace/cst336-github/lab5/index.php on line 20
[17-Oct-2017 21:34:34 UTC] PHP Stack trace:
[17-Oct-2017 21:34:34 UTC] PHP   1. {main}() /home/ubuntu/workspace/cst336-github/lab5/index.php:0
[17-Oct-2017 21:35:19 UTC] PHP Fatal error:  Call to undefined method PDO::fetch() in /home/ubuntu/workspace/cst336-github/lab5/index.php on line 20
[17-Oct-2017 21:35:19 UTC] PHP Stack trace:
[17-Oct-2017 21:35:19 UTC] PHP   1. {main}() /home/ubuntu/workspace/cst336-github/lab5/index.php:0
[17-Oct-2017 21:35:25 UTC] PHP Fatal error:  Call to undefined method PDO::fetch() in /home/ubuntu/workspace/cst336-github/lab5/index.php on line 20
[17-Oct-2017 21:35:25 UTC] PHP Stack trace:
[17-Oct-2017 21:35:25 UTC] PHP   1. {main}() /home/ubuntu/workspace/cst336-github/lab5/index.php:0
[17-Oct-2017 21:43:50 UTC] PHP Fatal error:  Call to undefined method PDO::fetch() in /home/ubuntu/workspace/cst336-github/lab5/index.php on line 20
[17-Oct-2017 21:43:50 UTC] PHP Stack trace:
[17-Oct-2017 21:43:50 UTC] PHP   1. {main}() /home/ubuntu/workspace/cst336-github/lab5/index.php:0
[17-Oct-2017 21:45:41 UTC] PHP Fatal error:  Call to undefined method PDO::fetch() in /home/ubuntu/workspace/cst336-github/lab5/index.php on line 20
[17-Oct-2017 21:45:41 UTC] PHP Stack trace:
[17-Oct-2017 21:45:41 UTC] PHP   1. {main}() /home/ubuntu/workspace/cst336-github/lab5/index.php:0
[17-Oct-2017 21:45:41 UTC] PHP Fatal error:  Call to undefined method PDO::fetch() in /home/ubuntu/workspace/cst336-github/lab5/index.php on line 20
[17-Oct-2017 21:45:41 UTC] PHP Stack trace:
[17-Oct-2017 21:45:41 UTC] PHP   1. {main}() /home/ubuntu/workspace/cst336-github/lab5/index.php:0
[17-Oct-2017 21:45:45 UTC] PHP Fatal error:  Call to undefined method PDO::fetch() in /home/ubuntu/workspace/cst336-github/lab5/index.php on line 20
[17-Oct-2017 21:45:45 UTC] PHP Stack trace:
[17-Oct-2017 21:45:45 UTC] PHP   1. {main}() /home/ubuntu/workspace/cst336-github/lab5/index.php:0
[17-Oct-2017 21:46:47 UTC] PHP Parse error:  syntax error, unexpected '$deviceType' (T_VARIABLE) in /home/ubuntu/workspace/cst336-github/lab5/index.php on line 20
[17-Oct-2017 21:46:55 UTC] PHP Fatal error:  Call to undefined method PDO::fetch() in /home/ubuntu/workspace/cst336-github/lab5/index.php on line 17
[17-Oct-2017 21:46:55 UTC] PHP Stack trace:
[17-Oct-2017 21:46:55 UTC] PHP   1. {main}() /home/ubuntu/workspace/cst336-github/lab5/index.php:0
[17-Oct-2017 21:48:56 UTC] PHP Fatal error:  Call to a member function query() on a non-object in /home/ubuntu/workspace/cst336-github/lab5/index.php on line 17
[17-Oct-2017 21:48:56 UTC] PHP Stack trace:
[17-Oct-2017 21:48:56 UTC] PHP   1. {main}() /home/ubuntu/workspace/cst336-github/lab5/index.php:0
[17-Oct-2017 21:49:22 UTC] PHP Warning:  Illegal string offset 'deviceName' in /home/ubuntu/workspace/cst336-github/lab5/index.php on line 19
[17-Oct-2017 21:49:22 UTC] PHP Stack trace:
[17-Oct-2017 21:49:22 UTC] PHP   1. {main}() /home/ubuntu/workspace/cst336-github/lab5/index.php:0
[17-Oct-2017 21:49:50 UTC] PHP Warning:  Illegal string offset 'deviceName' in /home/ubuntu/workspace/cst336-github/lab5/index.php on line 19
[17-Oct-2017 21:49:50 UTC] PHP Stack trace:
[17-Oct-2017 21:49:50 UTC] PHP   1. {main}() /home/ubuntu/workspace/cst336-github/lab5/index.php:0
[17-Oct-2017 21:49:52 UTC] PHP Warning:  Illegal string offset 'deviceName' in /home/ubuntu/workspace/cst336-github/lab5/index.php on line 19
[17-Oct-2017 21:49:52 UTC] PHP Stack trace:
[17-Oct-2017 21:49:52 UTC] PHP   1. {main}() /home/ubuntu/workspace/cst336-github/lab5/index.php:0
[17-Oct-2017 21:49:53 UTC] PHP Warning:  Illegal string offset 'deviceName' in /home/ubuntu/workspace/cst336-github/lab5/index.php on line 19
[17-Oct-2017 21:49:53 UTC] PHP Stack trace:
[17-Oct-2017 21:49:53 UTC] PHP   1. {main}() /home/ubuntu/workspace/cst336-github/lab5/index.php:0
[17-Oct-2017 21:49:53 UTC] PHP Warning:  Illegal string offset 'deviceName' in /home/ubuntu/workspace/cst336-github/lab5/index.php on line 19
[17-Oct-2017 21:49:53 UTC] PHP Stack trace:
[17-Oct-2017 21:49:53 UTC] PHP   1. {main}() /home/ubuntu/workspace/cst336-github/lab5/index.php:0
[17-Oct-2017 21:49:53 UTC] PHP Warning:  Illegal string offset 'deviceName' in /home/ubuntu/workspace/cst336-github/lab5/index.php on line 19
[17-Oct-2017 21:49:53 UTC] PHP Stack trace:
[17-Oct-2017 21:49:53 UTC] PHP   1. {main}() /home/ubuntu/workspace/cst336-github/lab5/index.php:0
[17-Oct-2017 21:49:53 UTC] PHP Warning:  Illegal string offset 'deviceName' in /home/ubuntu/workspace/cst336-github/lab5/index.php on line 19
[17-Oct-2017 21:49:53 UTC] PHP Stack trace:
[17-Oct-2017 21:49:53 UTC] PHP   1. {main}() /home/ubuntu/workspace/cst336-github/lab5/index.php:0
[17-Oct-2017 21:50:01 UTC] PHP Warning:  Illegal string offset 'deviceName' in /home/ubuntu/workspace/cst336-github/lab5/index.php on line 19
[17-Oct-2017 21:50:01 UTC] PHP Stack trace:
[17-Oct-2017 21:50:01 UTC] PHP   1. {main}() /home/ubuntu/workspace/cst336-github/lab5/index.php:0
[17-Oct-2017 21:50:22 UTC] PHP Warning:  Illegal string offset 'deviceName' in /home/ubuntu/workspace/cst336-github/lab5/index.php on line 19
[17-Oct-2017 21:50:22 UTC] PHP Stack trace:
[17-Oct-2017 21:50:22 UTC] PHP   1. {main}() /home/ubuntu/workspace/cst336-github/lab5/index.php:0
[17-Oct-2017 21:54:49 UTC] PHP Parse error:  syntax error, unexpected end of file in /home/ubuntu/workspace/cst336-github/lab5/index.php on line 34
[17-Oct-2017 21:54:51 UTC] PHP Parse error:  syntax error, unexpected end of file in /home/ubuntu/workspace/cst336-github/lab5/index.php on line 34
[17-Oct-2017 21:55:30 UTC] PHP Fatal error:  Uncaught exception 'PDOException' with message 'SQLSTATE[42S22]: Column not found: 1054 Unknown column 'Tablet' in 'where clause'' in /home/ubuntu/workspace/cst336-github/lab5/index.php:20
Stack trace:
#0 /home/ubuntu/workspace/cst336-github/lab5/index.php(20): PDO->query('SELECT * FROM d...')
#1 {main}
  thrown in /home/ubuntu/workspace/cst336-github/lab5/index.php on line 20
[17-Oct-2017 21:55:34 UTC] PHP Fatal error:  Uncaught exception 'PDOException' with message 'SQLSTATE[42S22]: Column not found: 1054 Unknown column 'Tablet' in 'where clause'' in /home/ubuntu/workspace/cst336-github/lab5/index.php:20
Stack trace:
#0 /home/ubuntu/workspace/cst336-github/lab5/index.php(20): PDO->query('SELECT * FROM d...')
#1 {main}
  thrown in /home/ubuntu/workspace/cst336-github/lab5/index.php on line 20
[17-Oct-2017 21:55:37 UTC] PHP Fatal error:  Uncaught exception 'PDOException' with message 'SQLSTATE[42S22]: Column not found: 1054 Unknown column 'Tablet' in 'where clause'' in /home/ubuntu/workspace/cst336-github/lab5/index.php:20
Stack trace:
#0 /home/ubuntu/workspace/cst336-github/lab5/index.php(20): PDO->query('SELECT * FROM d...')
#1 {main}
  thrown in /home/ubuntu/workspace/cst336-github/lab5/index.php on line 20
[17-Oct-2017 21:55:45 UTC] PHP Fatal error:  Uncaught exception 'PDOException' with message 'SQLSTATE[42S22]: Column not found: 1054 Unknown column 'Tablet' in 'where clause'' in /home/ubuntu/workspace/cst336-github/lab5/index.php:20
Stack trace:
#0 /home/ubuntu/workspace/cst336-github/lab5/index.php(20): PDO->query('SELECT * FROM d...')
#1 {main}
  thrown in /home/ubuntu/workspace/cst336-github/lab5/index.php on line 20
[17-Oct-2017 21:55:48 UTC] PHP Fatal error:  Uncaught exception 'PDOException' with message 'SQLSTATE[42S22]: Column not found: 1054 Unknown column 'Tablet' in 'where clause'' in /home/ubuntu/workspace/cst336-github/lab5/index.php:20
Stack trace:
#0 /home/ubuntu/workspace/cst336-github/lab5/index.php(20): PDO->query('SELECT * FROM d...')
#1 {main}
  thrown in /home/ubuntu/workspace/cst336-github/lab5/index.php on line 20
[17-Oct-2017 21:59:21 UTC] PHP Fatal error:  Uncaught exception 'PDOException' with message 'SQLSTATE[42000]: Syntax error or access violation: 1064 You have an error in your SQL syntax; check the manual that corresponds to your MySQL server version for the right syntax to use near 'Tablet''' at line 1' in /home/ubuntu/workspace/cst336-github/lab5/index.php:17
Stack trace:
#0 /home/ubuntu/workspace/cst336-github/lab5/index.php(17): PDO->query('SELECT * FROM d...')
#1 {main}
  thrown in /home/ubuntu/workspace/cst336-github/lab5/index.php on line 17
[17-Oct-2017 22:02:04 UTC] PHP Fatal error:  Uncaught exception 'PDOException' with message 'SQLSTATE[42S22]: Column not found: 1054 Unknown column 'Tablet' in 'where clause'' in /home/ubuntu/workspace/cst336-github/lab5/index.php:19
Stack trace:
#0 /home/ubuntu/workspace/cst336-github/lab5/index.php(19): PDO->query('SELECT * FROM d...')
#1 {main}
  thrown in /home/ubuntu/workspace/cst336-github/lab5/index.php on line 19
[17-Oct-2017 22:02:10 UTC] PHP Fatal error:  Uncaught exception 'PDOException' with message 'SQLSTATE[42S22]: Column not found: 1054 Unknown column 'Tablet' in 'where clause'' in /home/ubuntu/workspace/cst336-github/lab5/index.php:19
Stack trace:
#0 /home/ubuntu/workspace/cst336-github/lab5/index.php(19): PDO->query('SELECT * FROM d...')
#1 {main}
  thrown in /home/ubuntu/workspace/cst336-github/lab5/index.php on line 19
[17-Oct-2017 22:02:33 UTC] PHP Fatal error:  Uncaught exception 'PDOException' with message 'SQLSTATE[42S22]: Column not found: 1054 Unknown column 'Tablet' in 'where clause'' in /home/ubuntu/workspace/cst336-github/lab5/index.php:19
Stack trace:
#0 /home/ubuntu/workspace/cst336-github/lab5/index.php(19): PDO->query('SELECT * FROM d...')
#1 {main}
  thrown in /home/ubuntu/workspace/cst336-github/lab5/index.php on line 19
[17-Oct-2017 22:02:35 UTC] PHP Fatal error:  Uncaught exception 'PDOException' with message 'SQLSTATE[42S22]: Column not found: 1054 Unknown column 'Tablet' in 'where clause'' in /home/ubuntu/workspace/cst336-github/lab5/index.php:19
Stack trace:
#0 /home/ubuntu/workspace/cst336-github/lab5/index.php(19): PDO->query('SELECT * FROM d...')
#1 {main}
  thrown in /home/ubuntu/workspace/cst336-github/lab5/index.php on line 19
[17-Oct-2017 22:02:36 UTC] PHP Fatal error:  Uncaught exception 'PDOException' with message 'SQLSTATE[42S22]: Column not found: 1054 Unknown column 'Tablet' in 'where clause'' in /home/ubuntu/workspace/cst336-github/lab5/index.php:19
Stack trace:
#0 /home/ubuntu/workspace/cst336-github/lab5/index.php(19): PDO->query('SELECT * FROM d...')
#1 {main}
  thrown in /home/ubuntu/workspace/cst336-github/lab5/index.php on line 19
